[INFO ] 2023-03-01 07:40:26,040 com.seleniumtest.base.CustomLogger:72 - com.seleniumtest.base.CustomLogger:startTestCase - 

************** Execution Started : Check if api return with all properties**************

[INFO ] 2023-03-01 07:40:31,365 com.seleniumtest.base.CustomLogger:72 - com.seleniumtest.base.TestSetup:setupChrome - Chrome launched
[ERROR] 2023-03-01 07:40:34,170 com.seleniumtest.base.CustomLogger:66 - com.seleniumtest.testclasses.WeatherApiTest:lambda$checkResponseProperties$1 - The following property is missing from the GET request: conditionId
[INFO ] 2023-03-01 07:40:34,180 com.seleniumtest.base.CustomLogger:72 - com.seleniumtest.base.CustomLogger:endTestCase - 

************** Execution End : Check if api return with all properties**************

[INFO ] 2023-03-01 07:40:34,454 com.seleniumtest.base.CustomLogger:72 - com.seleniumtest.base.CustomLogger:startTestCase - 

************** Execution Started : Update condition id and check the condition field and icon**************

[INFO ] 2023-03-01 07:40:38,774 com.seleniumtest.base.CustomLogger:72 - com.seleniumtest.base.TestSetup:setupChrome - Chrome launched
[INFO ] 2023-03-01 07:40:40,440 com.seleniumtest.base.CustomLogger:72 - com.seleniumtest.base.CustomLogger:endTestCase - 

************** Execution End : Update condition id and check the condition field and icon**************

[INFO ] 2023-03-01 07:40:40,674 com.seleniumtest.base.CustomLogger:72 - com.seleniumtest.base.CustomLogger:startTestCase - 

************** Execution Started : Update condition id and check the condition field and icon**************

[INFO ] 2023-03-01 07:40:44,984 com.seleniumtest.base.CustomLogger:72 - com.seleniumtest.base.TestSetup:setupChrome - Chrome launched
[INFO ] 2023-03-01 07:40:45,730 com.seleniumtest.base.CustomLogger:72 - com.seleniumtest.base.CustomLogger:endTestCase - 

************** Execution End : Update condition id and check the condition field and icon**************

[INFO ] 2023-03-01 07:40:46,042 com.seleniumtest.base.CustomLogger:72 - com.seleniumtest.base.CustomLogger:startTestCase - 

************** Execution Started : Update condition id and check the condition field and icon**************

[INFO ] 2023-03-01 07:40:50,379 com.seleniumtest.base.CustomLogger:72 - com.seleniumtest.base.TestSetup:setupChrome - Chrome launched
[INFO ] 2023-03-01 07:40:51,123 com.seleniumtest.base.CustomLogger:72 - com.seleniumtest.base.CustomLogger:endTestCase - 

************** Execution End : Update condition id and check the condition field and icon**************

[INFO ] 2023-03-01 07:40:51,447 com.seleniumtest.base.CustomLogger:72 - com.seleniumtest.base.CustomLogger:startTestCase - 

************** Execution Started : Update condition id and check the condition field and icon**************

[INFO ] 2023-03-01 07:40:55,797 com.seleniumtest.base.CustomLogger:72 - com.seleniumtest.base.TestSetup:setupChrome - Chrome launched
[ERROR] 2023-03-01 07:40:56,535 com.seleniumtest.base.CustomLogger:66 - com.seleniumtest.testclasses.BaseMethods:checkValidity - The expected value was "png" but we got "jpeg" as icon's extension in case of drizzle
[INFO ] 2023-03-01 07:40:56,564 com.seleniumtest.base.CustomLogger:72 - com.seleniumtest.base.CustomLogger:endTestCase - 

************** Execution End : Update condition id and check the condition field and icon**************

[INFO ] 2023-03-01 07:40:56,757 com.seleniumtest.base.CustomLogger:72 - com.seleniumtest.base.CustomLogger:startTestCase - 

************** Execution Started : Update condition id and check the condition field and icon**************

[INFO ] 2023-03-01 07:41:01,082 com.seleniumtest.base.CustomLogger:72 - com.seleniumtest.base.TestSetup:setupChrome - Chrome launched
[INFO ] 2023-03-01 07:41:01,840 com.seleniumtest.base.CustomLogger:72 - com.seleniumtest.base.CustomLogger:endTestCase - 

************** Execution End : Update condition id and check the condition field and icon**************

[INFO ] 2023-03-01 07:41:02,032 com.seleniumtest.base.CustomLogger:72 - com.seleniumtest.base.CustomLogger:startTestCase - 

************** Execution Started : Check the invalid condition id update**************

[INFO ] 2023-03-01 07:41:06,380 com.seleniumtest.base.CustomLogger:72 - com.seleniumtest.base.TestSetup:setupChrome - Chrome launched
[INFO ] 2023-03-01 07:41:07,452 com.seleniumtest.base.CustomLogger:72 - com.seleniumtest.base.CustomLogger:endTestCase - 

************** Execution End : Check the invalid condition id update**************

[INFO ] 2023-03-01 07:41:07,741 com.seleniumtest.base.CustomLogger:72 - com.seleniumtest.base.CustomLogger:startTestCase - 

************** Execution Started : Update api with negative Fahrenheit degrees**************

[INFO ] 2023-03-01 07:41:12,103 com.seleniumtest.base.CustomLogger:72 - com.seleniumtest.base.TestSetup:setupChrome - Chrome launched
[INFO ] 2023-03-01 07:41:12,886 com.seleniumtest.base.CustomLogger:72 - com.seleniumtest.base.CustomLogger:endTestCase - 

************** Execution End : Update api with negative Fahrenheit degrees**************

[INFO ] 2023-03-01 07:41:13,101 com.seleniumtest.base.CustomLogger:72 - com.seleniumtest.base.CustomLogger:startTestCase - 

************** Execution Started : Update api with negative Fahrenheit degrees**************

[INFO ] 2023-03-01 07:41:23,137 com.seleniumtest.base.CustomLogger:72 - com.seleniumtest.base.TestSetup:setupChrome - Chrome launched
[INFO ] 2023-03-01 07:41:23,902 com.seleniumtest.base.CustomLogger:72 - com.seleniumtest.base.CustomLogger:endTestCase - 

************** Execution End : Update api with negative Fahrenheit degrees**************

[INFO ] 2023-03-01 07:41:24,233 com.seleniumtest.base.CustomLogger:72 - com.seleniumtest.base.CustomLogger:startTestCase - 

************** Execution Started : Update api with fraction Fahrenheit degrees**************

[INFO ] 2023-03-01 07:41:28,610 com.seleniumtest.base.CustomLogger:72 - com.seleniumtest.base.TestSetup:setupChrome - Chrome launched
[ERROR] 2023-03-01 07:41:29,390 com.seleniumtest.base.CustomLogger:66 - com.seleniumtest.testclasses.BaseMethods:checkValidity - The expected value was "11" but we got "10" as temperature in Fahrenheit after saving. Original was: 10.98
[INFO ] 2023-03-01 07:41:29,394 com.seleniumtest.base.CustomLogger:72 - com.seleniumtest.base.CustomLogger:endTestCase - 

************** Execution End : Update api with fraction Fahrenheit degrees**************

[INFO ] 2023-03-01 07:41:29,738 com.seleniumtest.base.CustomLogger:72 - com.seleniumtest.base.CustomLogger:startTestCase - 

************** Execution Started : Check if the Celsius was calculated properly**************

[INFO ] 2023-03-01 07:41:34,105 com.seleniumtest.base.CustomLogger:72 - com.seleniumtest.base.TestSetup:setupChrome - Chrome launched
[INFO ] 2023-03-01 07:41:34,915 com.seleniumtest.base.CustomLogger:72 - com.seleniumtest.base.CustomLogger:endTestCase - 

************** Execution End : Check if the Celsius was calculated properly**************

[INFO ] 2023-03-01 07:41:35,123 com.seleniumtest.base.CustomLogger:72 - com.seleniumtest.base.CustomLogger:startTestCase - 

************** Execution Started : Check if the Celsius was calculated properly**************

[INFO ] 2023-03-01 07:41:39,468 com.seleniumtest.base.CustomLogger:72 - com.seleniumtest.base.TestSetup:setupChrome - Chrome launched
[INFO ] 2023-03-01 07:41:40,202 com.seleniumtest.base.CustomLogger:72 - com.seleniumtest.base.CustomLogger:endTestCase - 

************** Execution End : Check if the Celsius was calculated properly**************

[INFO ] 2023-03-01 07:41:40,547 com.seleniumtest.base.CustomLogger:72 - com.seleniumtest.base.CustomLogger:startTestCase - 

************** Execution Started : Check if the Celsius was calculated properly**************

[INFO ] 2023-03-01 07:41:44,909 com.seleniumtest.base.CustomLogger:72 - com.seleniumtest.base.TestSetup:setupChrome - Chrome launched
[ERROR] 2023-03-01 07:41:45,631 com.seleniumtest.base.CustomLogger:66 - com.seleniumtest.testclasses.BaseMethods:checkValidity - The expected value was "8" but we got "7" as calculated temperature in Celsius from 46.0 Fahrenheit
[INFO ] 2023-03-01 07:41:45,634 com.seleniumtest.base.CustomLogger:72 - com.seleniumtest.base.CustomLogger:endTestCase - 

************** Execution End : Check if the Celsius was calculated properly**************

[INFO ] 2023-03-01 07:41:45,940 com.seleniumtest.base.CustomLogger:72 - com.seleniumtest.base.CustomLogger:startTestCase - 

************** Execution Started : Check if the description field was generated properly**************

[INFO ] 2023-03-01 07:41:50,380 com.seleniumtest.base.CustomLogger:72 - com.seleniumtest.base.TestSetup:setupChrome - Chrome launched
[INFO ] 2023-03-01 07:41:51,196 com.seleniumtest.base.CustomLogger:72 - com.seleniumtest.base.CustomLogger:endTestCase - 

************** Execution End : Check if the description field was generated properly**************

[INFO ] 2023-03-01 07:41:51,451 com.seleniumtest.base.CustomLogger:72 - com.seleniumtest.base.CustomLogger:startTestCase - 

************** Execution Started : Check if the description field was generated properly**************

[INFO ] 2023-03-01 07:41:56,014 com.seleniumtest.base.CustomLogger:72 - com.seleniumtest.base.TestSetup:setupChrome - Chrome launched
[INFO ] 2023-03-01 07:41:56,735 com.seleniumtest.base.CustomLogger:72 - com.seleniumtest.base.CustomLogger:endTestCase - 

************** Execution End : Check if the description field was generated properly**************

[INFO ] 2023-03-01 07:41:57,052 com.seleniumtest.base.CustomLogger:72 - com.seleniumtest.base.CustomLogger:startTestCase - 

************** Execution Started : Check if the description field was generated properly**************

[INFO ] 2023-03-01 07:42:01,447 com.seleniumtest.base.CustomLogger:72 - com.seleniumtest.base.TestSetup:setupChrome - Chrome launched
[INFO ] 2023-03-01 07:42:02,189 com.seleniumtest.base.CustomLogger:72 - com.seleniumtest.base.CustomLogger:endTestCase - 

************** Execution End : Check if the description field was generated properly**************

[INFO ] 2023-03-01 07:42:02,401 com.seleniumtest.base.CustomLogger:72 - com.seleniumtest.base.CustomLogger:startTestCase - 

************** Execution Started : Check if the description field was generated properly**************

[INFO ] 2023-03-01 07:42:06,676 com.seleniumtest.base.CustomLogger:72 - com.seleniumtest.base.TestSetup:setupChrome - Chrome launched
[INFO ] 2023-03-01 07:42:07,392 com.seleniumtest.base.CustomLogger:72 - com.seleniumtest.base.CustomLogger:endTestCase - 

************** Execution End : Check if the description field was generated properly**************

[INFO ] 2023-03-01 07:42:07,605 com.seleniumtest.base.CustomLogger:72 - com.seleniumtest.base.CustomLogger:startTestCase - 

************** Execution Started : Check if the description field was generated properly**************

[INFO ] 2023-03-01 07:42:11,910 com.seleniumtest.base.CustomLogger:72 - com.seleniumtest.base.TestSetup:setupChrome - Chrome launched
[ERROR] 2023-03-01 07:42:12,674 com.seleniumtest.base.CustomLogger:66 - com.seleniumtest.testclasses.BaseMethods:checkValidity - The expected value was "The weather is mild" but we got "The weather is cold" as description in case of 10 Celsius degrees
[INFO ] 2023-03-01 07:42:12,677 com.seleniumtest.base.CustomLogger:72 - com.seleniumtest.base.CustomLogger:endTestCase - 

************** Execution End : Check if the description field was generated properly**************

[INFO ] 2023-03-01 07:42:12,928 com.seleniumtest.base.CustomLogger:72 - com.seleniumtest.base.CustomLogger:startTestCase - 

************** Execution Started : Check if the description field was generated properly**************

[INFO ] 2023-03-01 07:42:18,259 com.seleniumtest.base.CustomLogger:72 - com.seleniumtest.base.TestSetup:setupChrome - Chrome launched
[INFO ] 2023-03-01 07:42:18,999 com.seleniumtest.base.CustomLogger:72 - com.seleniumtest.base.CustomLogger:endTestCase - 

************** Execution End : Check if the description field was generated properly**************

[INFO ] 2023-03-01 07:42:19,321 com.seleniumtest.base.CustomLogger:72 - com.seleniumtest.base.CustomLogger:startTestCase - 

************** Execution Started : Check if the description field was generated properly**************

[INFO ] 2023-03-01 07:42:24,634 com.seleniumtest.base.CustomLogger:72 - com.seleniumtest.base.TestSetup:setupChrome - Chrome launched
[ERROR] 2023-03-01 07:42:25,338 com.seleniumtest.base.CustomLogger:66 - com.seleniumtest.testclasses.BaseMethods:checkValidity - The expected value was "The weather is warm" but we got "The weather is " as description in case of 20 Celsius degrees
[INFO ] 2023-03-01 07:42:25,340 com.seleniumtest.base.CustomLogger:72 - com.seleniumtest.base.CustomLogger:endTestCase - 

************** Execution End : Check if the description field was generated properly**************

[INFO ] 2023-03-01 07:42:25,598 com.seleniumtest.base.CustomLogger:72 - com.seleniumtest.base.CustomLogger:startTestCase - 

************** Execution Started : Check if the description field was generated properly**************

[INFO ] 2023-03-01 07:42:32,875 com.seleniumtest.base.CustomLogger:72 - com.seleniumtest.base.TestSetup:setupChrome - Chrome launched
[ERROR] 2023-03-01 07:42:33,845 com.seleniumtest.base.CustomLogger:66 - com.seleniumtest.testclasses.BaseMethods:checkValidity - The expected value was "The weather is warm" but we got "The weather is " as description in case of 24 Celsius degrees
[INFO ] 2023-03-01 07:42:33,847 com.seleniumtest.base.CustomLogger:72 - com.seleniumtest.base.CustomLogger:endTestCase - 

************** Execution End : Check if the description field was generated properly**************

[INFO ] 2023-03-01 07:42:34,022 com.seleniumtest.base.CustomLogger:72 - com.seleniumtest.base.CustomLogger:startTestCase - 

************** Execution Started : Check if the description field was generated properly**************

[INFO ] 2023-03-01 07:42:38,366 com.seleniumtest.base.CustomLogger:72 - com.seleniumtest.base.TestSetup:setupChrome - Chrome launched
[INFO ] 2023-03-01 07:42:39,100 com.seleniumtest.base.CustomLogger:72 - com.seleniumtest.base.CustomLogger:endTestCase - 

************** Execution End : Check if the description field was generated properly**************

[INFO ] 2023-03-01 07:42:39,399 com.seleniumtest.base.CustomLogger:72 - com.seleniumtest.base.CustomLogger:startTestCase - 

************** Execution Started : Check the placeholder's text**************

[INFO ] 2023-03-01 07:42:43,737 com.seleniumtest.base.CustomLogger:72 - com.seleniumtest.base.TestSetup:setupChrome - Chrome launched
[INFO ] 2023-03-01 07:42:59,176 com.seleniumtest.base.CustomLogger:72 - com.seleniumtest.base.CustomLogger:endTestCase - 

************** Execution End : Check the placeholder's text**************

[INFO ] 2023-03-01 07:42:59,368 com.seleniumtest.base.CustomLogger:72 - com.seleniumtest.base.CustomLogger:startTestCase - 

************** Execution Started : Check search flow and expected Date and Time**************

[INFO ] 2023-03-01 07:43:03,685 com.seleniumtest.base.CustomLogger:72 - com.seleniumtest.base.TestSetup:setupChrome - Chrome launched
[INFO ] 2023-03-01 07:43:34,895 com.seleniumtest.base.CustomLogger:72 - com.seleniumtest.testclasses.CityDetailPageTest:validateTitle - Sydney, AU
[INFO ] 2023-03-01 07:43:38,654 com.seleniumtest.base.CustomLogger:72 - com.seleniumtest.base.CustomLogger:endTestCase - 

************** Execution End : Check search flow and expected Date and Time**************

